2025-05-03 03:03:52,532 - app - INFO - Database tables initialized
Database tables initialized
2025-05-03 03:04:00,070 - app.utils.db_handler - INFO - Database connection established
2025-05-03 03:04:00,070 - app.utils.db_handler - INFO - Database connection established
Database connection established
2025-05-03 03:04:02,268 - app - INFO - Application initialized successfully
Application initialized successfully
2025-05-03 03:04:06,793 - app.routes - ERROR - Twilio API error: 
[31m[49mHTTP Error[0m [37m[49mYour request was:[0m

[36m[49mPOST /Accounts/AC3b33ee1708fe8dd88ed7356b4867b515/Calls.json[0m

[37m[49mTwilio returned the following information:[0m

[34m[49mUnable to create record: Authenticate[0m

[37m[49mMore information may be available here:[0m

[34m[49mhttps://www.twilio.com/docs/errors/20003[0m


2025-05-03 03:04:06,793 - app.routes - ERROR - Twilio API error: 
[31m[49mHTTP Error[0m [37m[49mYour request was:[0m

[36m[49mPOST /Accounts/AC3b33ee1708fe8dd88ed7356b4867b515/Calls.json[0m

[37m[49mTwilio returned the following information:[0m

[34m[49mUnable to create record: Authenticate[0m

[37m[49mMore information may be available here:[0m

[34m[49mhttps://www.twilio.com/docs/errors/20003[0m


Twilio API error: 
[31m[49mHTTP Error[0m [37m[49mYour request was:[0m

[36m[49mPOST /Accounts/AC3b33ee1708fe8dd88ed7356b4867b515/Calls.json[0m

[37m[49mTwilio returned the following information:[0m

[34m[49mUnable to create record: Authenticate[0m

[37m[49mMore information may be available here:[0m

[34m[49mhttps://www.twilio.com/docs/errors/20003[0m


